<?xml version="1.0" encoding="UTF-8"?>
<!-- Generated by org.testng.reporters.JUnitXMLReporter -->
<testsuite hostname="DESKTOP-LSOQG40" ignored="0" name="Default test" tests="5" failures="0" timestamp="2020-02-26T13:12:37 EST" time="0.111" errors="0">
  <testcase name="test1" time="0.018" classname="javapractise.prioterixe"/>
  <testcase name="test2" time="0.001" classname="javapractise.prioterixe"/>
  <testcase name="test2" time="0.003" classname="javapractise.prioterixe"/>
  <testcase name="test2" time="0.003" classname="javapractise.prioterixe"/>
  <testcase name="test3" time="0.002" classname="javapractise.prioterixe"/>
</testsuite> <!-- Default test -->
