<?xml version="1.0" encoding="UTF-8"?>
<!-- Generated by org.testng.reporters.JUnitXMLReporter -->
<testsuite hostname="DESKTOP-LSOQG40" ignored="0" name="Test" tests="5" failures="2" timestamp="2020-02-26T12:41:17 EST" time="0.156" errors="0">
  <testcase name="test1" time="0.0" classname="javapractise.prioterixe">
    <failure type="org.testng.TestNGException" message="
Cannot inject @Test annotated Method [test1] with [class java.lang.String].
For more information on native dependency injection please refer to http://testng.org/doc/documentation-main.html#native-dependency-injection">
      <![CDATA[org.testng.TestNGException: 
Cannot inject @Test annotated Method [test1] with [class java.lang.String].
For more information on native dependency injection please refer to http://testng.org/doc/documentation-main.html#native-dependency-injection
at java.util.ArrayList.forEach(Unknown Source)
... Removed 26 stack frames]]>
    </failure>
  </testcase> <!-- test1 -->
  <testcase name="test2" time="0.012" classname="javapractise.prioterixe"/>
  <testcase name="test2" time="0.003" classname="javapractise.prioterixe"/>
  <testcase name="test2" time="0.005" classname="javapractise.prioterixe"/>
  <testcase name="test3" time="0.0" classname="javapractise.prioterixe">
    <failure type="org.testng.TestNGException" message="
Cannot inject @Test annotated Method [test3] with [class java.lang.String].
For more information on native dependency injection please refer to http://testng.org/doc/documentation-main.html#native-dependency-injection">
      <![CDATA[org.testng.TestNGException: 
Cannot inject @Test annotated Method [test3] with [class java.lang.String].
For more information on native dependency injection please refer to http://testng.org/doc/documentation-main.html#native-dependency-injection
at java.util.ArrayList.forEach(Unknown Source)
... Removed 26 stack frames]]>
    </failure>
  </testcase> <!-- test3 -->
</testsuite> <!-- Test -->
