<?xml version="1.0" encoding="UTF-8"?>
<!-- Generated by org.testng.reporters.JUnitXMLReporter -->
<testsuite hostname="DESKTOP-LSOQG40" ignored="0" name="Test2" tests="3" failures="0" timestamp="2020-02-26T12:26:18 EST" time="0.014" errors="0">
  <testcase name="test1" time="0.001" classname="javapractise.prioterixe"/>
  <testcase name="test2" time="0.002" classname="javapractise.prioterixe"/>
  <testcase name="test3" time="0.001" classname="javapractise.prioterixe"/>
</testsuite> <!-- Test2 -->
